  [1m[35m (907.6ms)[0m  [1m[35mCREATE DATABASE "gossip_project_development" ENCODING = 'unicode'[0m
  ↳ bin/rails:9
  [1m[35m (534.8ms)[0m  [1m[35mCREATE DATABASE "gossip_project_test" ENCODING = 'unicode'[0m
  ↳ bin/rails:9
  [1m[35m (54.7ms)[0m  [1m[35mCREATE TABLE "schema_migrations" ("version" character varying NOT NULL PRIMARY KEY)[0m
  ↳ bin/rails:9
  [1m[35m (30.5ms)[0m  [1m[35mCREATE TABLE "ar_internal_metadata" ("key" character varying NOT NULL PRIMARY KEY, "value" character varying, "created_at" timestamp NOT NULL, "updated_at" timestamp NOT NULL)[0m
  ↳ bin/rails:9
  [1m[35m (1.2ms)[0m  [1m[34mSELECT pg_try_advisory_lock(7905549433724859210)[0m
  ↳ bin/rails:9
  [1m[35m (2.1ms)[0m  [1m[34mSELECT "schema_migrations"."version" FROM "schema_migrations" ORDER BY "schema_migrations"."version" ASC[0m
  ↳ bin/rails:9
Migrating to CreateGossips (20181031140022)
  [1m[35m (0.3ms)[0m  [1m[35mBEGIN[0m
  ↳ bin/rails:9
  [1m[35m (97.0ms)[0m  [1m[35mCREATE TABLE "gossips" ("id" bigserial primary key, "title" character varying, "content" text, "user_id" bigint)[0m
  ↳ db/migrate/20181031140022_create_gossips.rb:3
  [1m[35m (2.7ms)[0m  [1m[35mCREATE  INDEX  "index_gossips_on_user_id" ON "gossips"  ("user_id")[0m
  ↳ db/migrate/20181031140022_create_gossips.rb:3
  [1m[36mActiveRecord::SchemaMigration Create (3.5ms)[0m  [1m[32mINSERT INTO "schema_migrations" ("version") VALUES ($1) RETURNING "version"[0m  [["version", "20181031140022"]]
  ↳ bin/rails:9
  [1m[35m (0.8ms)[0m  [1m[35mCOMMIT[0m
  ↳ bin/rails:9
Migrating to CreateComments (20181031153554)
  [1m[35m (25.4ms)[0m  [1m[35mBEGIN[0m
  ↳ bin/rails:9
  [1m[35m (7.2ms)[0m  [1m[35mCREATE TABLE "comments" ("id" bigserial primary key, "content" text, "gossip_id" bigint, "user_id" bigint, "created_at" timestamp NOT NULL, "updated_at" timestamp NOT NULL)[0m
  ↳ db/migrate/20181031153554_create_comments.rb:3
  [1m[35m (1.6ms)[0m  [1m[35mCREATE  INDEX  "index_comments_on_gossip_id" ON "comments"  ("gossip_id")[0m
  ↳ db/migrate/20181031153554_create_comments.rb:3
  [1m[35m (1.5ms)[0m  [1m[35mCREATE  INDEX  "index_comments_on_user_id" ON "comments"  ("user_id")[0m
  ↳ db/migrate/20181031153554_create_comments.rb:3
  [1m[36mActiveRecord::SchemaMigration Create (0.4ms)[0m  [1m[32mINSERT INTO "schema_migrations" ("version") VALUES ($1) RETURNING "version"[0m  [["version", "20181031153554"]]
  ↳ bin/rails:9
  [1m[35m (0.7ms)[0m  [1m[35mCOMMIT[0m
  ↳ bin/rails:9
Migrating to CreateUsers (20181101084118)
  [1m[35m (40.2ms)[0m  [1m[35mBEGIN[0m
  ↳ bin/rails:9
  [1m[35m (6.4ms)[0m  [1m[35mCREATE TABLE "users" ("id" bigserial primary key, "email" character varying, "name" character varying, "password" character varying)[0m
  ↳ db/migrate/20181101084118_create_users.rb:3
  [1m[36mActiveRecord::SchemaMigration Create (0.5ms)[0m  [1m[32mINSERT INTO "schema_migrations" ("version") VALUES ($1) RETURNING "version"[0m  [["version", "20181101084118"]]
  ↳ bin/rails:9
  [1m[35m (0.7ms)[0m  [1m[35mCOMMIT[0m
  ↳ bin/rails:9
Migrating to CreateLikes (20181101092002)
  [1m[35m (25.5ms)[0m  [1m[35mBEGIN[0m
  ↳ bin/rails:9
  [1m[35m (6.1ms)[0m  [1m[35mCREATE TABLE "likes" ("id" bigserial primary key, "user_id" bigint, "gossip_id" bigint, "created_at" timestamp NOT NULL, "updated_at" timestamp NOT NULL)[0m
  ↳ db/migrate/20181101092002_create_likes.rb:3
  [1m[35m (2.6ms)[0m  [1m[35mCREATE  INDEX  "index_likes_on_user_id" ON "likes"  ("user_id")[0m
  ↳ db/migrate/20181101092002_create_likes.rb:3
  [1m[35m (2.9ms)[0m  [1m[35mCREATE  INDEX  "index_likes_on_gossip_id" ON "likes"  ("gossip_id")[0m
  ↳ db/migrate/20181101092002_create_likes.rb:3
  [1m[36mActiveRecord::SchemaMigration Create (0.3ms)[0m  [1m[32mINSERT INTO "schema_migrations" ("version") VALUES ($1) RETURNING "version"[0m  [["version", "20181101092002"]]
  ↳ bin/rails:9
  [1m[35m (0.5ms)[0m  [1m[35mCOMMIT[0m
  ↳ bin/rails:9
Migrating to CreateCommentofcomments (20181101125756)
  [1m[35m (40.0ms)[0m  [1m[35mBEGIN[0m
  ↳ bin/rails:9
  [1m[35m (8.7ms)[0m  [1m[35mCREATE TABLE "commentofcomments" ("id" bigserial primary key, "content" text, "user_id" bigint, "comment_id" bigint, "created_at" timestamp NOT NULL, "updated_at" timestamp NOT NULL)[0m
  ↳ db/migrate/20181101125756_create_commentofcomments.rb:3
  [1m[35m (1.8ms)[0m  [1m[35mCREATE  INDEX  "index_commentofcomments_on_user_id" ON "commentofcomments"  ("user_id")[0m
  ↳ db/migrate/20181101125756_create_commentofcomments.rb:3
  [1m[35m (1.8ms)[0m  [1m[35mCREATE  INDEX  "index_commentofcomments_on_comment_id" ON "commentofcomments"  ("comment_id")[0m
  ↳ db/migrate/20181101125756_create_commentofcomments.rb:3
  [1m[36mActiveRecord::SchemaMigration Create (0.4ms)[0m  [1m[32mINSERT INTO "schema_migrations" ("version") VALUES ($1) RETURNING "version"[0m  [["version", "20181101125756"]]
  ↳ bin/rails:9
  [1m[35m (25.3ms)[0m  [1m[35mCOMMIT[0m
  ↳ bin/rails:9
  [1m[36mActiveRecord::InternalMetadata Load (0.6ms)[0m  [1m[34mSELECT  "ar_internal_metadata".* FROM "ar_internal_metadata" WHERE "ar_internal_metadata"."key" = $1 LIMIT $2[0m  [["key", "environment"], ["LIMIT", 1]]
  ↳ bin/rails:9
  [1m[35m (0.2ms)[0m  [1m[35mBEGIN[0m
  ↳ bin/rails:9
  [1m[36mActiveRecord::InternalMetadata Create (32.5ms)[0m  [1m[32mINSERT INTO "ar_internal_metadata" ("key", "value", "created_at", "updated_at") VALUES ($1, $2, $3, $4) RETURNING "key"[0m  [["key", "environment"], ["value", "development"], ["created_at", "2018-11-05 20:34:18.468202"], ["updated_at", "2018-11-05 20:34:18.468202"]]
  ↳ bin/rails:9
  [1m[35m (0.6ms)[0m  [1m[35mCOMMIT[0m
  ↳ bin/rails:9
  [1m[35m (0.4ms)[0m  [1m[34mSELECT pg_advisory_unlock(7905549433724859210)[0m
  ↳ bin/rails:9
  [1m[35m (0.9ms)[0m  [1m[34mSELECT "schema_migrations"."version" FROM "schema_migrations" ORDER BY "schema_migrations"."version" ASC[0m
  ↳ bin/rails:9
  [1m[35m (0.3ms)[0m  [1m[35mBEGIN[0m
  [1m[36mUser Exists (2.6ms)[0m  [1m[34mSELECT  1 AS one FROM "users" WHERE "users"."email" IS NULL LIMIT $1[0m  [["LIMIT", 1]]
  [1m[35m (0.2ms)[0m  [1m[31mROLLBACK[0m
  [1m[36mUser Load (0.4ms)[0m  [1m[34mSELECT  "users".* FROM "users" ORDER BY "users"."id" ASC LIMIT $1[0m  [["LIMIT", 1]]
  [1m[36mUser Load (0.6ms)[0m  [1m[34mSELECT  "users".* FROM "users" ORDER BY "users"."id" ASC LIMIT $1[0m  [["LIMIT", 1]]
  [1m[36mGossip Load (42.8ms)[0m  [1m[34mSELECT  "gossips".* FROM "gossips" LIMIT $1[0m  [["LIMIT", 11]]
Started GET "/" for 127.0.0.1 at 2018-11-05 21:44:03 +0100
  [1m[35m (2.3ms)[0m  [1m[34mSELECT "schema_migrations"."version" FROM "schema_migrations" ORDER BY "schema_migrations"."version" ASC[0m
  ↳ /Users/mac/.rvm/gems/ruby-2.5.1/gems/activerecord-5.2.1/lib/active_record/log_subscriber.rb:98
Processing by StaticPagesController#home as HTML
  Rendering static_pages/home.html.erb within layouts/application
  Rendered static_pages/home.html.erb within layouts/application (2.4ms)
  Rendered layouts/_header.html.erb (2.0ms)
Completed 200 OK in 1486ms (Views: 1461.9ms | ActiveRecord: 0.0ms)


Started GET "/login" for 127.0.0.1 at 2018-11-05 21:57:30 +0100
Processing by RegistrationsController#new as HTML
  Rendering registrations/new.html.erb within layouts/application
  Rendered registrations/new.html.erb within layouts/application (31.0ms)
  Rendered layouts/_header.html.erb (1.3ms)
Completed 200 OK in 183ms (Views: 168.6ms | ActiveRecord: 0.0ms)


Started GET "/logout" for 127.0.0.1 at 2018-11-05 21:57:50 +0100
  
ActionController::RoutingError (No route matches [GET] "/logout"):
  
actionpack (5.2.1) lib/action_dispatch/middleware/debug_exceptions.rb:65:in `call'
web-console (3.7.0) lib/web_console/middleware.rb:135:in `call_app'
web-console (3.7.0) lib/web_console/middleware.rb:30:in `block in call'
web-console (3.7.0) lib/web_console/middleware.rb:20:in `catch'
web-console (3.7.0) lib/web_console/middleware.rb:20:in `call'
actionpack (5.2.1) lib/action_dispatch/middleware/show_exceptions.rb:33:in `call'
railties (5.2.1) lib/rails/rack/logger.rb:38:in `call_app'
railties (5.2.1) lib/rails/rack/logger.rb:26:in `block in call'
activesupport (5.2.1) lib/active_support/tagged_logging.rb:71:in `block in tagged'
activesupport (5.2.1) lib/active_support/tagged_logging.rb:28:in `tagged'
activesupport (5.2.1) lib/active_support/tagged_logging.rb:71:in `tagged'
railties (5.2.1) lib/rails/rack/logger.rb:26:in `call'
sprockets-rails (3.2.1) lib/sprockets/rails/quiet_assets.rb:13:in `call'
actionpack (5.2.1) lib/action_dispatch/middleware/remote_ip.rb:81:in `call'
actionpack (5.2.1) lib/action_dispatch/middleware/request_id.rb:27:in `call'
rack (2.0.5) lib/rack/method_override.rb:22:in `call'
rack (2.0.5) lib/rack/runtime.rb:22:in `call'
activesupport (5.2.1) lib/active_support/cache/strategy/local_cache_middleware.rb:29:in `call'
actionpack (5.2.1) lib/action_dispatch/middleware/executor.rb:14:in `call'
actionpack (5.2.1) lib/action_dispatch/middleware/static.rb:127:in `call'
rack (2.0.5) lib/rack/sendfile.rb:111:in `call'
railties (5.2.1) lib/rails/engine.rb:524:in `call'
puma (3.12.0) lib/puma/configuration.rb:225:in `call'
puma (3.12.0) lib/puma/server.rb:658:in `handle_request'
puma (3.12.0) lib/puma/server.rb:472:in `process_client'
puma (3.12.0) lib/puma/server.rb:332:in `block in run'
puma (3.12.0) lib/puma/thread_pool.rb:133:in `block in spawn_thread'
Started GET "/login" for 127.0.0.1 at 2018-11-05 21:57:59 +0100
Processing by RegistrationsController#new as HTML
  Rendering registrations/new.html.erb within layouts/application
  Rendered registrations/new.html.erb within layouts/application (1.4ms)
  Rendered layouts/_header.html.erb (1.6ms)
Completed 200 OK in 123ms (Views: 114.6ms | ActiveRecord: 0.0ms)


Started GET "/users/new" for 127.0.0.1 at 2018-11-05 22:20:43 +0100
Processing by UsersController#new as HTML
  Rendering users/new.html.erb within layouts/application
  Rendered users/new.html.erb within layouts/application (10.1ms)
  Rendered layouts/_header.html.erb (8.5ms)
Completed 200 OK in 360ms (Views: 229.9ms | ActiveRecord: 59.6ms)


Started GET "/users/new" for 127.0.0.1 at 2018-11-05 22:57:37 +0100
Processing by UsersController#new as HTML
  Rendering users/new.html.erb within layouts/application
  Rendered users/new.html.erb within layouts/application (3.1ms)
  Rendered layouts/_header.html.erb (2.4ms)
Completed 200 OK in 203ms (Views: 166.7ms | ActiveRecord: 8.4ms)


Started GET "/" for 127.0.0.1 at 2018-11-06 00:01:10 +0100
  [1m[35m (42.9ms)[0m  [1m[34mSELECT "schema_migrations"."version" FROM "schema_migrations" ORDER BY "schema_migrations"."version" ASC[0m
  ↳ /Users/mac/.rvm/gems/ruby-2.5.1/gems/activerecord-5.2.1/lib/active_record/log_subscriber.rb:98
Processing by StaticPagesController#home as HTML
  Rendering static_pages/home.html.erb within layouts/application
  Rendered static_pages/home.html.erb within layouts/application (2.8ms)
  Rendered layouts/_header.html.erb (1.6ms)
Completed 200 OK in 478ms (Views: 468.7ms | ActiveRecord: 0.0ms)


Started GET "/users/new" for 127.0.0.1 at 2018-11-06 00:01:18 +0100
Processing by UsersController#new as HTML
  Rendering users/new.html.erb within layouts/application
  Rendered users/new.html.erb within layouts/application (9.3ms)
  Rendered layouts/_header.html.erb (1.1ms)
Completed 200 OK in 153ms (Views: 102.0ms | ActiveRecord: 27.9ms)


Started POST "/users" for 127.0.0.1 at 2018-11-06 00:01:38 +0100
Processing by UsersController#create as HTML
  Parameters: {"utf8"=>"✓", "authenticity_token"=>"JH7hvB+2s5RjAooGect3ow4rduL7avCcVJrBACuMncNPrlubCXe3X/xKeD0o4IQykihkyf7IPQvMg6euK1ALvQ==", "user"=>{"name"=>"gege", "email"=>"gege@example.fr", "password"=>"[FILTERED]"}}
  [1m[35m (1.6ms)[0m  [1m[35mBEGIN[0m
  ↳ app/controllers/users_controller.rb:8
  [1m[36mUser Exists (3.3ms)[0m  [1m[34mSELECT  1 AS one FROM "users" WHERE LOWER("users"."email") = LOWER($1) LIMIT $2[0m  [["email", "gege@example.fr"], ["LIMIT", 1]]
  ↳ app/controllers/users_controller.rb:8
  [1m[36mUser Create (89.9ms)[0m  [1m[32mINSERT INTO "users" ("email", "name", "password") VALUES ($1, $2, $3) RETURNING "id"[0m  [["email", "gege@example.fr"], ["name", "gege"], ["password", "gegege"]]
  ↳ app/controllers/users_controller.rb:8
  [1m[35m (2.3ms)[0m  [1m[35mCOMMIT[0m
  ↳ app/controllers/users_controller.rb:8
Redirected to http://localhost:3000/users/1
Completed 302 Found in 142ms (ActiveRecord: 131.5ms)


Started GET "/users/1" for 127.0.0.1 at 2018-11-06 00:01:38 +0100
Processing by UsersController#show as HTML
  Parameters: {"id"=>"1"}
  [1m[36mUser Load (0.4ms)[0m  [1m[34mSELECT  "users".* FROM "users" WHERE "users"."id" = $1 LIMIT $2[0m  [["id", 1], ["LIMIT", 1]]
  ↳ app/controllers/users_controller.rb:15
  Rendering users/show.html.erb within layouts/application
  Rendered users/show.html.erb within layouts/application (3.6ms)
  [1m[36mUser Load (0.5ms)[0m  [1m[34mSELECT  "users".* FROM "users" WHERE "users"."id" = $1 LIMIT $2[0m  [["id", 1], ["LIMIT", 1]]
  ↳ app/helpers/registrations_helper.rb:7
  Rendered layouts/_header.html.erb (4.4ms)
Completed 200 OK in 157ms (Views: 135.4ms | ActiveRecord: 1.9ms)


Started GET "/users/1/gossips/" for 127.0.0.1 at 2018-11-06 00:01:54 +0100
Processing by GossipsController#index as HTML
  Parameters: {"user_id"=>"1"}
  [1m[36mUser Load (1.5ms)[0m  [1m[34mSELECT  "users".* FROM "users" WHERE "users"."id" = $1 LIMIT $2[0m  [["id", 1], ["LIMIT", 1]]
  ↳ app/controllers/gossips_controller.rb:5
  Rendering gossips/index.html.erb within layouts/application
  [1m[36mGossip Load (0.6ms)[0m  [1m[34mSELECT "gossips".* FROM "gossips"[0m
  ↳ app/views/gossips/index.html.erb:16
  [1m[36mUser Load (0.9ms)[0m  [1m[34mSELECT  "users".* FROM "users" WHERE "users"."id" = $1 LIMIT $2[0m  [["id", 1], ["LIMIT", 1]]
  ↳ app/helpers/registrations_helper.rb:7
  Rendered gossips/index.html.erb within layouts/application (10.4ms)
  Rendered layouts/_header.html.erb (1.6ms)
Completed 200 OK in 126ms (Views: 90.2ms | ActiveRecord: 8.7ms)


Started GET "/users/1/gossips/new" for 127.0.0.1 at 2018-11-06 00:01:58 +0100
Processing by GossipsController#new as HTML
  Parameters: {"user_id"=>"1"}
  Rendering gossips/new.html.erb within layouts/application
  Rendered gossips/new.html.erb within layouts/application (4.7ms)
  [1m[36mUser Load (0.5ms)[0m  [1m[34mSELECT  "users".* FROM "users" WHERE "users"."id" = $1 LIMIT $2[0m  [["id", 1], ["LIMIT", 1]]
  ↳ app/helpers/registrations_helper.rb:7
  Rendered layouts/_header.html.erb (3.2ms)
Completed 200 OK in 129ms (Views: 88.4ms | ActiveRecord: 27.1ms)


Started POST "/users/1/gossips" for 127.0.0.1 at 2018-11-06 00:02:10 +0100
Processing by GossipsController#create as HTML
  Parameters: {"utf8"=>"✓", "authenticity_token"=>"Ga8vgXyB/ACcpASwExVfd7oDDPSvY3bAeVqo/eAFdK6ko22gGkWj2+yF86CWNwR1gqP4cUA+TssiXKwq9eM+Gg==", "gossip"=>{"title"=>"hehe", "content"=>"vilain gossip"}, "user_id"=>"1"}
  [1m[36mUser Load (1.1ms)[0m  [1m[34mSELECT  "users".* FROM "users" WHERE "users"."id" = $1 LIMIT $2[0m  [["id", 1], ["LIMIT", 1]]
  ↳ app/helpers/registrations_helper.rb:7
  [1m[35m (0.3ms)[0m  [1m[35mBEGIN[0m
  ↳ app/controllers/gossips_controller.rb:44
  [1m[36mCACHE User Load (0.1ms)[0m  [1m[34mSELECT  "users".* FROM "users" WHERE "users"."id" = $1 LIMIT $2[0m  [["id", 1], ["LIMIT", 1]]
  ↳ app/controllers/gossips_controller.rb:44
  [1m[36mGossip Create (41.9ms)[0m  [1m[32mINSERT INTO "gossips" ("title", "content", "user_id") VALUES ($1, $2, $3) RETURNING "id"[0m  [["title", "hehe"], ["content", "vilain gossip"], ["user_id", 1]]
  ↳ app/controllers/gossips_controller.rb:44
  [1m[35m (0.7ms)[0m  [1m[35mCOMMIT[0m
  ↳ app/controllers/gossips_controller.rb:44
Redirected to http://localhost:3000/users/1/gossips/
Completed 302 Found in 98ms (ActiveRecord: 44.1ms)


Started GET "/users/1/gossips/" for 127.0.0.1 at 2018-11-06 00:02:10 +0100
Processing by GossipsController#index as HTML
  Parameters: {"user_id"=>"1"}
  [1m[36mUser Load (0.4ms)[0m  [1m[34mSELECT  "users".* FROM "users" WHERE "users"."id" = $1 LIMIT $2[0m  [["id", 1], ["LIMIT", 1]]
  ↳ app/controllers/gossips_controller.rb:5
  Rendering gossips/index.html.erb within layouts/application
  [1m[36mGossip Load (0.6ms)[0m  [1m[34mSELECT "gossips".* FROM "gossips"[0m
  ↳ app/views/gossips/index.html.erb:16
  [1m[36mUser Load (0.4ms)[0m  [1m[34mSELECT  "users".* FROM "users" WHERE "users"."id" = $1 LIMIT $2[0m  [["id", 1], ["LIMIT", 1]]
  ↳ app/views/gossips/index.html.erb:19
  [1m[35m (2.6ms)[0m  [1m[34mSELECT COUNT(*) FROM "comments" WHERE "comments"."gossip_id" = $1[0m  [["gossip_id", 1]]
  ↳ app/views/gossips/index.html.erb:22
  [1m[35m (114.0ms)[0m  [1m[34mSELECT COUNT(*) FROM "likes" WHERE "likes"."gossip_id" = $1[0m  [["gossip_id", 1]]
  ↳ app/views/gossips/index.html.erb:23
  [1m[36mCACHE User Load (0.0ms)[0m  [1m[34mSELECT  "users".* FROM "users" WHERE "users"."id" = $1 LIMIT $2[0m  [["id", 1], ["LIMIT", 1]]
  ↳ app/helpers/registrations_helper.rb:7
  Rendered gossips/index.html.erb within layouts/application (185.9ms)
  Rendered layouts/_header.html.erb (1.1ms)
Completed 200 OK in 276ms (Views: 146.2ms | ActiveRecord: 122.2ms)


Started GET "/users/1/gossips" for 127.0.0.1 at 2018-11-06 00:02:27 +0100
Processing by GossipsController#index as HTML
  Parameters: {"user_id"=>"1"}
  [1m[36mUser Load (2.9ms)[0m  [1m[34mSELECT  "users".* FROM "users" WHERE "users"."id" = $1 LIMIT $2[0m  [["id", 1], ["LIMIT", 1]]
  ↳ app/controllers/gossips_controller.rb:5
  Rendering gossips/index.html.erb within layouts/application
  [1m[36mGossip Load (0.4ms)[0m  [1m[34mSELECT "gossips".* FROM "gossips"[0m
  ↳ app/views/gossips/index.html.erb:16
  [1m[36mUser Load (0.4ms)[0m  [1m[34mSELECT  "users".* FROM "users" WHERE "users"."id" = $1 LIMIT $2[0m  [["id", 1], ["LIMIT", 1]]
  ↳ app/views/gossips/index.html.erb:19
  [1m[35m (0.4ms)[0m  [1m[34mSELECT COUNT(*) FROM "comments" WHERE "comments"."gossip_id" = $1[0m  [["gossip_id", 1]]
  ↳ app/views/gossips/index.html.erb:22
  [1m[35m (0.4ms)[0m  [1m[34mSELECT COUNT(*) FROM "likes" WHERE "likes"."gossip_id" = $1[0m  [["gossip_id", 1]]
  ↳ app/views/gossips/index.html.erb:23
  [1m[36mCACHE User Load (0.0ms)[0m  [1m[34mSELECT  "users".* FROM "users" WHERE "users"."id" = $1 LIMIT $2[0m  [["id", 1], ["LIMIT", 1]]
  ↳ app/helpers/registrations_helper.rb:7
  Rendered gossips/index.html.erb within layouts/application (8.0ms)
  Rendered layouts/_header.html.erb (1.3ms)
Completed 200 OK in 123ms (Views: 109.3ms | ActiveRecord: 4.5ms)


Started GET "/users/1/gossips/new" for 127.0.0.1 at 2018-11-06 00:02:30 +0100
Processing by GossipsController#new as HTML
  Parameters: {"user_id"=>"1"}
  Rendering gossips/new.html.erb within layouts/application
  Rendered gossips/new.html.erb within layouts/application (1.5ms)
  [1m[36mUser Load (0.7ms)[0m  [1m[34mSELECT  "users".* FROM "users" WHERE "users"."id" = $1 LIMIT $2[0m  [["id", 1], ["LIMIT", 1]]
  ↳ app/helpers/registrations_helper.rb:7
  Rendered layouts/_header.html.erb (2.4ms)
Completed 200 OK in 78ms (Views: 67.2ms | ActiveRecord: 0.7ms)


Started GET "/users/1/" for 127.0.0.1 at 2018-11-06 00:02:36 +0100
Processing by UsersController#show as HTML
  Parameters: {"id"=>"1"}
  [1m[36mUser Load (6.0ms)[0m  [1m[34mSELECT  "users".* FROM "users" WHERE "users"."id" = $1 LIMIT $2[0m  [["id", 1], ["LIMIT", 1]]
  ↳ app/controllers/users_controller.rb:15
  Rendering users/show.html.erb within layouts/application
  Rendered users/show.html.erb within layouts/application (0.8ms)
  [1m[36mUser Load (0.7ms)[0m  [1m[34mSELECT  "users".* FROM "users" WHERE "users"."id" = $1 LIMIT $2[0m  [["id", 1], ["LIMIT", 1]]
  ↳ app/helpers/registrations_helper.rb:7
  Rendered layouts/_header.html.erb (2.7ms)
Completed 200 OK in 101ms (Views: 85.2ms | ActiveRecord: 6.7ms)


Started GET "/users/1/gossips/" for 127.0.0.1 at 2018-11-06 00:03:31 +0100
Processing by GossipsController#index as HTML
  Parameters: {"user_id"=>"1"}
  [1m[36mUser Load (1.4ms)[0m  [1m[34mSELECT  "users".* FROM "users" WHERE "users"."id" = $1 LIMIT $2[0m  [["id", 1], ["LIMIT", 1]]
  ↳ app/controllers/gossips_controller.rb:5
  Rendering gossips/index.html.erb within layouts/application
  [1m[36mGossip Load (0.4ms)[0m  [1m[34mSELECT "gossips".* FROM "gossips"[0m
  ↳ app/views/gossips/index.html.erb:16
  [1m[36mUser Load (0.3ms)[0m  [1m[34mSELECT  "users".* FROM "users" WHERE "users"."id" = $1 LIMIT $2[0m  [["id", 1], ["LIMIT", 1]]
  ↳ app/views/gossips/index.html.erb:19
  [1m[35m (0.6ms)[0m  [1m[34mSELECT COUNT(*) FROM "comments" WHERE "comments"."gossip_id" = $1[0m  [["gossip_id", 1]]
  ↳ app/views/gossips/index.html.erb:22
  [1m[35m (0.4ms)[0m  [1m[34mSELECT COUNT(*) FROM "likes" WHERE "likes"."gossip_id" = $1[0m  [["gossip_id", 1]]
  ↳ app/views/gossips/index.html.erb:23
  [1m[36mCACHE User Load (0.0ms)[0m  [1m[34mSELECT  "users".* FROM "users" WHERE "users"."id" = $1 LIMIT $2[0m  [["id", 1], ["LIMIT", 1]]
  ↳ app/helpers/registrations_helper.rb:7
  Rendered gossips/index.html.erb within layouts/application (16.7ms)
  Rendered layouts/_header.html.erb (1.6ms)
Completed 200 OK in 162ms (Views: 143.0ms | ActiveRecord: 3.2ms)


Started GET "/users/1/gossips/1/edit" for 127.0.0.1 at 2018-11-06 00:03:41 +0100
Processing by GossipsController#edit as HTML
  Parameters: {"user_id"=>"1", "id"=>"1"}
  [1m[36mGossip Load (0.5ms)[0m  [1m[34mSELECT  "gossips".* FROM "gossips" WHERE "gossips"."id" = $1 LIMIT $2[0m  [["id", 1], ["LIMIT", 1]]
  ↳ app/controllers/gossips_controller.rb:40
  Rendering gossips/edit.html.erb within layouts/application
  Rendered gossips/edit.html.erb within layouts/application (15.5ms)
  [1m[36mUser Load (0.4ms)[0m  [1m[34mSELECT  "users".* FROM "users" WHERE "users"."id" = $1 LIMIT $2[0m  [["id", 1], ["LIMIT", 1]]
  ↳ app/helpers/registrations_helper.rb:7
  Rendered layouts/_header.html.erb (5.3ms)
Completed 200 OK in 156ms (Views: 138.5ms | ActiveRecord: 0.9ms)


Started PATCH "/users/1/gossips/1" for 127.0.0.1 at 2018-11-06 00:04:29 +0100
Processing by GossipsController#update as HTML
  Parameters: {"utf8"=>"✓", "authenticity_token"=>"2EFup8abihlNNEYwW2OYTVtLZCdXo0zyHsYgq6GB0wFG3zwkCk5HvhsybSzq2oHN8uGe+xBk7D9ZikmhpgPp4w==", "gossip"=>{"title"=>"hehe", "content"=>"vilain gossip"}, "user_id"=>"1", "id"=>"1"}
  [1m[36mGossip Load (1.2ms)[0m  [1m[34mSELECT  "gossips".* FROM "gossips" WHERE "gossips"."id" = $1 LIMIT $2[0m  [["id", 1], ["LIMIT", 1]]
  ↳ app/controllers/gossips_controller.rb:23
  [1m[35m (0.3ms)[0m  [1m[35mBEGIN[0m
  ↳ app/controllers/gossips_controller.rb:24
  [1m[36mUser Load (1.7ms)[0m  [1m[34mSELECT  "users".* FROM "users" WHERE "users"."id" = $1 LIMIT $2[0m  [["id", 1], ["LIMIT", 1]]
  ↳ app/controllers/gossips_controller.rb:24
  [1m[35m (0.3ms)[0m  [1m[35mCOMMIT[0m
  ↳ app/controllers/gossips_controller.rb:24
  [1m[36mCACHE User Load (0.0ms)[0m  [1m[34mSELECT  "users".* FROM "users" WHERE "users"."id" = $1 LIMIT $2[0m  [["id", 1], ["LIMIT", 1]]
  ↳ app/helpers/registrations_helper.rb:7
Redirected to http://localhost:3000/users/1/gossips/
Completed 302 Found in 41ms (ActiveRecord: 3.5ms)


Started GET "/users/1/gossips/" for 127.0.0.1 at 2018-11-06 00:04:29 +0100
Processing by GossipsController#index as HTML
  Parameters: {"user_id"=>"1"}
  [1m[36mUser Load (1.8ms)[0m  [1m[34mSELECT  "users".* FROM "users" WHERE "users"."id" = $1 LIMIT $2[0m  [["id", 1], ["LIMIT", 1]]
  ↳ app/controllers/gossips_controller.rb:5
  Rendering gossips/index.html.erb within layouts/application
  [1m[36mGossip Load (0.4ms)[0m  [1m[34mSELECT "gossips".* FROM "gossips"[0m
  ↳ app/views/gossips/index.html.erb:16
  [1m[36mUser Load (0.4ms)[0m  [1m[34mSELECT  "users".* FROM "users" WHERE "users"."id" = $1 LIMIT $2[0m  [["id", 1], ["LIMIT", 1]]
  ↳ app/views/gossips/index.html.erb:19
  [1m[35m (0.7ms)[0m  [1m[34mSELECT COUNT(*) FROM "comments" WHERE "comments"."gossip_id" = $1[0m  [["gossip_id", 1]]
  ↳ app/views/gossips/index.html.erb:22
  [1m[35m (0.6ms)[0m  [1m[34mSELECT COUNT(*) FROM "likes" WHERE "likes"."gossip_id" = $1[0m  [["gossip_id", 1]]
  ↳ app/views/gossips/index.html.erb:23
  [1m[36mCACHE User Load (0.0ms)[0m  [1m[34mSELECT  "users".* FROM "users" WHERE "users"."id" = $1 LIMIT $2[0m  [["id", 1], ["LIMIT", 1]]
  ↳ app/helpers/registrations_helper.rb:7
  Rendered gossips/index.html.erb within layouts/application (24.3ms)
  Rendered layouts/_header.html.erb (1.3ms)
Completed 200 OK in 295ms (Views: 272.4ms | ActiveRecord: 3.8ms)


Started GET "/users/1/gossips/1" for 127.0.0.1 at 2018-11-06 00:04:31 +0100
Processing by GossipsController#show as HTML
  Parameters: {"user_id"=>"1", "id"=>"1"}
  [1m[36mGossip Load (0.7ms)[0m  [1m[34mSELECT  "gossips".* FROM "gossips" WHERE "gossips"."id" = $1 LIMIT $2[0m  [["id", 1], ["LIMIT", 1]]
  ↳ app/controllers/gossips_controller.rb:9
  [1m[36mUser Load (1.3ms)[0m  [1m[34mSELECT  "users".* FROM "users" WHERE "users"."id" = $1 LIMIT $2[0m  [["id", 1], ["LIMIT", 1]]
  ↳ app/controllers/gossips_controller.rb:10
  [1m[36mUser Load (0.5ms)[0m  [1m[34mSELECT  "users".* FROM "users" WHERE "users"."id" = $1 LIMIT $2[0m  [["id", 1], ["LIMIT", 1]]
  ↳ app/helpers/registrations_helper.rb:7
  [1m[36mLike Load (0.4ms)[0m  [1m[34mSELECT  "likes".* FROM "likes" WHERE "likes"."user_id" = $1 AND "likes"."gossip_id" = $2 LIMIT $3[0m  [["user_id", 1], ["gossip_id", 1], ["LIMIT", 1]]
  ↳ app/controllers/gossips_controller.rb:13
  Rendering gossips/show.html.erb within layouts/application
  [1m[36mCACHE User Load (0.0ms)[0m  [1m[34mSELECT  "users".* FROM "users" WHERE "users"."id" = $1 LIMIT $2[0m  [["id", 1], ["LIMIT", 1]]
  ↳ app/views/gossips/show.html.erb:3
  Rendered likes/_like.html.erb (1.2ms)
  [1m[35m (0.7ms)[0m  [1m[34mSELECT COUNT(*) FROM "likes" WHERE "likes"."gossip_id" = $1[0m  [["gossip_id", 1]]
  ↳ app/views/gossips/show.html.erb:17
  [1m[35m (0.5ms)[0m  [1m[34mSELECT COUNT(*) FROM "comments" WHERE "comments"."gossip_id" = $1[0m  [["gossip_id", 1]]
  ↳ app/views/gossips/show.html.erb:19
  [1m[36mComment Load (0.4ms)[0m  [1m[34mSELECT "comments".* FROM "comments" WHERE "comments"."gossip_id" = $1[0m  [["gossip_id", 1]]
  ↳ app/views/gossips/show.html.erb:21
  Rendered collection of templates [0 times] (0.1ms)
  Rendered comments/_form.html.erb (29.5ms)
  Rendered gossips/show.html.erb within layouts/application (51.7ms)
  Rendered layouts/_header.html.erb (1.2ms)
Completed 200 OK in 170ms (Views: 117.9ms | ActiveRecord: 20.4ms)


Started POST "/users/1/gossips/1/likes" for 127.0.0.1 at 2018-11-06 00:04:34 +0100
Processing by LikesController#create as JS
  Parameters: {"user_id"=>"1", "gossip_id"=>"1"}
  [1m[36mGossip Load (0.4ms)[0m  [1m[34mSELECT  "gossips".* FROM "gossips" WHERE "gossips"."id" = $1 LIMIT $2[0m  [["id", 1], ["LIMIT", 1]]
  ↳ app/controllers/likes_controller.rb:8
  [1m[36mUser Load (0.3ms)[0m  [1m[34mSELECT  "users".* FROM "users" WHERE "users"."id" = $1 LIMIT $2[0m  [["id", 1], ["LIMIT", 1]]
  ↳ app/helpers/registrations_helper.rb:7
  [1m[35m (0.2ms)[0m  [1m[35mBEGIN[0m
  ↳ app/controllers/likes_controller.rb:9
  [1m[36mCACHE User Load (0.0ms)[0m  [1m[34mSELECT  "users".* FROM "users" WHERE "users"."id" = $1 LIMIT $2[0m  [["id", 1], ["LIMIT", 1]]
  ↳ app/controllers/likes_controller.rb:9
  [1m[36mGossip Load (0.3ms)[0m  [1m[34mSELECT  "gossips".* FROM "gossips" WHERE "gossips"."id" = $1 LIMIT $2[0m  [["id", 1], ["LIMIT", 1]]
  ↳ app/controllers/likes_controller.rb:9
  [1m[36mLike Create (45.1ms)[0m  [1m[32mINSERT INTO "likes" ("user_id", "gossip_id", "created_at", "updated_at") VALUES ($1, $2, $3, $4) RETURNING "id"[0m  [["user_id", 1], ["gossip_id", 1], ["created_at", "2018-11-05 23:04:34.595141"], ["updated_at", "2018-11-05 23:04:34.595141"]]
  ↳ app/controllers/likes_controller.rb:9
  [1m[35m (0.6ms)[0m  [1m[35mCOMMIT[0m
  ↳ app/controllers/likes_controller.rb:9
Redirected to http://localhost:3000/users/1/gossips/1
Completed 200 OK in 64ms (ActiveRecord: 47.0ms)


Started GET "/users/1/gossips/1" for 127.0.0.1 at 2018-11-06 00:04:34 +0100
Processing by GossipsController#show as HTML
  Parameters: {"user_id"=>"1", "id"=>"1"}
  [1m[36mGossip Load (7.0ms)[0m  [1m[34mSELECT  "gossips".* FROM "gossips" WHERE "gossips"."id" = $1 LIMIT $2[0m  [["id", 1], ["LIMIT", 1]]
  ↳ app/controllers/gossips_controller.rb:9
  [1m[36mUser Load (0.3ms)[0m  [1m[34mSELECT  "users".* FROM "users" WHERE "users"."id" = $1 LIMIT $2[0m  [["id", 1], ["LIMIT", 1]]
  ↳ app/controllers/gossips_controller.rb:10
  [1m[36mUser Load (0.2ms)[0m  [1m[34mSELECT  "users".* FROM "users" WHERE "users"."id" = $1 LIMIT $2[0m  [["id", 1], ["LIMIT", 1]]
  ↳ app/helpers/registrations_helper.rb:7
  [1m[36mLike Load (40.0ms)[0m  [1m[34mSELECT  "likes".* FROM "likes" WHERE "likes"."user_id" = $1 AND "likes"."gossip_id" = $2 LIMIT $3[0m  [["user_id", 1], ["gossip_id", 1], ["LIMIT", 1]]
  ↳ app/controllers/gossips_controller.rb:13
  [1m[36mCACHE Like Load (0.0ms)[0m  [1m[34mSELECT  "likes".* FROM "likes" WHERE "likes"."user_id" = $1 AND "likes"."gossip_id" = $2 LIMIT $3[0m  [["user_id", 1], ["gossip_id", 1], ["LIMIT", 1]]
  ↳ app/controllers/gossips_controller.rb:18
  Rendering gossips/show.html.erb within layouts/application
  [1m[36mCACHE User Load (0.0ms)[0m  [1m[34mSELECT  "users".* FROM "users" WHERE "users"."id" = $1 LIMIT $2[0m  [["id", 1], ["LIMIT", 1]]
  ↳ app/views/gossips/show.html.erb:3
  [1m[36mGossip Load (0.4ms)[0m  [1m[34mSELECT  "gossips".* FROM "gossips" WHERE "gossips"."id" = $1 LIMIT $2[0m  [["id", 1], ["LIMIT", 1]]
  ↳ app/views/likes/_like.html.erb:5
  [1m[36mCACHE User Load (0.0ms)[0m  [1m[34mSELECT  "users".* FROM "users" WHERE "users"."id" = $1 LIMIT $2[0m  [["id", 1], ["LIMIT", 1]]
  ↳ app/views/likes/_like.html.erb:5
  Rendered likes/_like.html.erb (4.4ms)
  [1m[35m (1.4ms)[0m  [1m[34mSELECT COUNT(*) FROM "likes" WHERE "likes"."gossip_id" = $1[0m  [["gossip_id", 1]]
  ↳ app/views/gossips/show.html.erb:17
  [1m[35m (0.5ms)[0m  [1m[34mSELECT COUNT(*) FROM "comments" WHERE "comments"."gossip_id" = $1[0m  [["gossip_id", 1]]
  ↳ app/views/gossips/show.html.erb:19
  [1m[36mComment Load (0.7ms)[0m  [1m[34mSELECT "comments".* FROM "comments" WHERE "comments"."gossip_id" = $1[0m  [["gossip_id", 1]]
  ↳ app/views/gossips/show.html.erb:21
  Rendered collection of templates [0 times] (0.0ms)
  Rendered comments/_form.html.erb (2.1ms)
  Rendered gossips/show.html.erb within layouts/application (24.8ms)
  Rendered layouts/_header.html.erb (1.1ms)
Completed 200 OK in 150ms (Views: 85.1ms | ActiveRecord: 50.6ms)


Started POST "/users/1/gossips/1/comments" for 127.0.0.1 at 2018-11-06 00:04:49 +0100
Processing by CommentsController#create as HTML
  Parameters: {"utf8"=>"✓", "authenticity_token"=>"O1nVsMzUrczu1DgREccY4HPZa220l2PrMXCQ0NoWX9aU6XOu10guX6fV8RCFS7xrTjkR20repq2YzGuUTlNURQ==", "comment"=>{"content"=>"hahaha quel drole d'idee"}, "user_id"=>"1", "gossip_id"=>"1"}
  [1m[36mGossip Load (2.3ms)[0m  [1m[34mSELECT  "gossips".* FROM "gossips" WHERE "gossips"."id" = $1 LIMIT $2[0m  [["id", 1], ["LIMIT", 1]]
  ↳ app/controllers/comments_controller.rb:7
  [1m[36mUser Load (0.6ms)[0m  [1m[34mSELECT  "users".* FROM "users" WHERE "users"."id" = $1 LIMIT $2[0m  [["id", 1], ["LIMIT", 1]]
  ↳ app/helpers/registrations_helper.rb:7
  [1m[35m (0.3ms)[0m  [1m[35mBEGIN[0m
  ↳ app/controllers/comments_controller.rb:8
  [1m[36mGossip Load (4.5ms)[0m  [1m[34mSELECT  "gossips".* FROM "gossips" WHERE "gossips"."id" = $1 LIMIT $2[0m  [["id", 1], ["LIMIT", 1]]
  ↳ app/controllers/comments_controller.rb:8
  [1m[36mCACHE User Load (0.0ms)[0m  [1m[34mSELECT  "users".* FROM "users" WHERE "users"."id" = $1 LIMIT $2[0m  [["id", 1], ["LIMIT", 1]]
  ↳ app/controllers/comments_controller.rb:8
  [1m[36mComment Create (163.6ms)[0m  [1m[32mINSERT INTO "comments" ("content", "gossip_id", "user_id", "created_at", "updated_at") VALUES ($1, $2, $3, $4, $5) RETURNING "id"[0m  [["content", "hahaha quel drole d'idee"], ["gossip_id", 1], ["user_id", 1], ["created_at", "2018-11-05 23:04:49.967276"], ["updated_at", "2018-11-05 23:04:49.967276"]]
  ↳ app/controllers/comments_controller.rb:8
  [1m[35m (0.5ms)[0m  [1m[35mCOMMIT[0m
  ↳ app/controllers/comments_controller.rb:8
Redirected to http://localhost:3000/users/1/gossips/1
Completed 302 Found in 212ms (ActiveRecord: 171.8ms)


Started GET "/users/1/gossips/1" for 127.0.0.1 at 2018-11-06 00:04:50 +0100
Processing by GossipsController#show as HTML
  Parameters: {"user_id"=>"1", "id"=>"1"}
  [1m[36mGossip Load (0.8ms)[0m  [1m[34mSELECT  "gossips".* FROM "gossips" WHERE "gossips"."id" = $1 LIMIT $2[0m  [["id", 1], ["LIMIT", 1]]
  ↳ app/controllers/gossips_controller.rb:9
  [1m[36mUser Load (0.4ms)[0m  [1m[34mSELECT  "users".* FROM "users" WHERE "users"."id" = $1 LIMIT $2[0m  [["id", 1], ["LIMIT", 1]]
  ↳ app/controllers/gossips_controller.rb:10
  [1m[36mUser Load (0.7ms)[0m  [1m[34mSELECT  "users".* FROM "users" WHERE "users"."id" = $1 LIMIT $2[0m  [["id", 1], ["LIMIT", 1]]
  ↳ app/helpers/registrations_helper.rb:7
  [1m[36mLike Load (0.6ms)[0m  [1m[34mSELECT  "likes".* FROM "likes" WHERE "likes"."user_id" = $1 AND "likes"."gossip_id" = $2 LIMIT $3[0m  [["user_id", 1], ["gossip_id", 1], ["LIMIT", 1]]
  ↳ app/controllers/gossips_controller.rb:13
  [1m[36mCACHE Like Load (0.0ms)[0m  [1m[34mSELECT  "likes".* FROM "likes" WHERE "likes"."user_id" = $1 AND "likes"."gossip_id" = $2 LIMIT $3[0m  [["user_id", 1], ["gossip_id", 1], ["LIMIT", 1]]
  ↳ app/controllers/gossips_controller.rb:18
  Rendering gossips/show.html.erb within layouts/application
  [1m[36mCACHE User Load (0.0ms)[0m  [1m[34mSELECT  "users".* FROM "users" WHERE "users"."id" = $1 LIMIT $2[0m  [["id", 1], ["LIMIT", 1]]
  ↳ app/views/gossips/show.html.erb:3
  [1m[36mGossip Load (0.3ms)[0m  [1m[34mSELECT  "gossips".* FROM "gossips" WHERE "gossips"."id" = $1 LIMIT $2[0m  [["id", 1], ["LIMIT", 1]]
  ↳ app/views/likes/_like.html.erb:5
  [1m[36mCACHE User Load (0.0ms)[0m  [1m[34mSELECT  "users".* FROM "users" WHERE "users"."id" = $1 LIMIT $2[0m  [["id", 1], ["LIMIT", 1]]
  ↳ app/views/likes/_like.html.erb:5
  Rendered likes/_like.html.erb (4.3ms)
  [1m[35m (1.5ms)[0m  [1m[34mSELECT COUNT(*) FROM "likes" WHERE "likes"."gossip_id" = $1[0m  [["gossip_id", 1]]
  ↳ app/views/gossips/show.html.erb:17
  [1m[35m (0.5ms)[0m  [1m[34mSELECT COUNT(*) FROM "comments" WHERE "comments"."gossip_id" = $1[0m  [["gossip_id", 1]]
  ↳ app/views/gossips/show.html.erb:19
  [1m[36mComment Load (0.5ms)[0m  [1m[34mSELECT "comments".* FROM "comments" WHERE "comments"."gossip_id" = $1[0m  [["gossip_id", 1]]
  ↳ app/views/gossips/show.html.erb:21
  [1m[36mCACHE User Load (0.0ms)[0m  [1m[34mSELECT  "users".* FROM "users" WHERE "users"."id" = $1 LIMIT $2[0m  [["id", 1], ["LIMIT", 1]]
  ↳ app/views/comments/_comment.html.erb:2
  [1m[36mCommentofcomment Load (42.7ms)[0m  [1m[34mSELECT "commentofcomments".* FROM "commentofcomments" WHERE "commentofcomments"."comment_id" = $1[0m  [["comment_id", 1]]
  ↳ app/views/comments/_comment.html.erb:9
  Rendered collection of templates [0 times] (0.0ms)
  Rendered commentofcomments/_form.html.erb (13.5ms)
  Rendered collection of comments/_comment.html.erb [1 times] (94.8ms)
  Rendered comments/_form.html.erb (1.8ms)
  Rendered gossips/show.html.erb within layouts/application (133.2ms)
  Rendered layouts/_header.html.erb (1.4ms)
Completed 200 OK in 263ms (Views: 189.8ms | ActiveRecord: 54.3ms)


